Arguments: 
  C:\Program Files\nodejs\node.exe C:\Users\cavin13318\AppData\Roaming\npm\node_modules\yarn\bin\yarn.js add babel-core babel-loader babel-preset-env babel-preset-react babel-preset-stage-1 css-loader style-loader html-webpack-plugin webpack webpack-dev-server webpack-cli -D

PATH: 
  C:\Users\cavin13318\AppData\Roaming\npm;C:\Program Files\nodejs\;C:\ProgramData\Oracle\Java\javapath;C:\Windows\system32;C:\Windows;C:\Windows\System32\Wbem;C:\Windows\System32\WindowsPowerShell\v1.0\;C:\Windows\CCM;C:\Program Files\Git\cmd;C:\Program Files\nodejs\;C:\Users\cavin13318\AppData\Local\Microsoft\WindowsApps;C:\Program Files\Microsoft VS Code\bin;C:\Users\cavin13318\AppData\Roaming\npm

Yarn version: 
  1.7.0

Node version: 
  8.11.2

Platform: 
  win32 x64

Trace: 
  Error: unable to get local issuer certificate
      at TLSSocket.<anonymous> (_tls_wrap.js:1105:38)
      at emitNone (events.js:106:13)
      at TLSSocket.emit (events.js:208:7)
      at TLSSocket._finishInit (_tls_wrap.js:639:8)
      at TLSWrap.ssl.onhandshakedone (_tls_wrap.js:469:38)

npm manifest: 
  {
    "name": "webpack-for-react",
    "version": "1.0.0",
    "main": "index.js",
    "license": "MIT"
  }

yarn manifest: 
  No manifest

Lockfile: 
  No lockfile
